<?xml version="1.0" encoding="UTF-8"?>
<!-- Generated by org.testng.reporters.JUnitXMLReporter -->
<testsuite ignored="0" hostname="L-156155120" failures="0" tests="3" name="Default test" time="12.297" errors="0" timestamp="2022-07-07T21:00:49 IST">
  <testcase classname="Testing.Main" name="MainExecution" time="2.49"/>
  <testcase classname="Testing.Main" name="MainExecution" time="2.395"/>
  <testcase classname="Testing.Main" name="tsetingmethod" time="0.002"/>
</testsuite> <!-- Default test -->
