<?xml version="1.0" encoding="UTF-8"?>
<!-- Generated by org.testng.reporters.JUnitXMLReporter -->
<testsuite ignored="0" hostname="L-156155120" failures="1" tests="4" name="Login Page Main" time="11.191" errors="0" timestamp="2022-07-06T19:07:17 IST">
  <testcase classname="Testing.Main" name="MainExecution" time="2.532"/>
  <testcase classname="Testing.Main" name="MainExecution" time="2.344"/>
  <testcase classname="Testing.Main" name="errormethod" time="0.017">
    <failure type="java.lang.AssertionError" message="expected [true] but found [false]">
      <![CDATA[java.lang.AssertionError: expected [true] but found [false]
at Testing.Main.errormethod(Main.java:31)
at java.base/java.util.ArrayList.forEach(ArrayList.java:1511)
... Removed 31 stack frames]]>
    </failure>
  </testcase> <!-- errormethod -->
  <testcase classname="Testing.Main" name="tsetingmethod" time="0.003"/>
</testsuite> <!-- Login Page Main -->
