<?xml version="1.0" encoding="UTF-8"?>
<!-- Generated by org.testng.reporters.JUnitXMLReporter -->
<testsuite ignored="0" hostname="L-156155120" failures="0" tests="3" name="Login Page Main" time="10.522" errors="0" timestamp="2022-07-07T23:49:37 IST">
  <testcase classname="Testing.Main" name="MainExecution" time="2.345"/>
  <testcase classname="Testing.Main" name="MainExecution" time="2.302"/>
  <testcase classname="Testing.Main" name="tsetingmethod" time="0.001"/>
</testsuite> <!-- Login Page Main -->
