<?xml version="1.0" encoding="UTF-8"?>
<testng-results ignored="0" total="5" passed="5" failed="0" skipped="0">
  <reporter-output>
  </reporter-output>
  <suite started-at="2022-07-07T23:49:26 IST" name="Suite" finished-at="2022-07-07T23:49:45 IST" duration-ms="18364">
    <groups>
    </groups>
    <test started-at="2022-07-07T23:49:26 IST" name="Login Page Main" finished-at="2022-07-07T23:49:37 IST" duration-ms="10522">
      <class name="Testing.Main">
        <test-method is-config="true" signature="beforetest()[pri:0, instance:Testing.Main@62163b39]" started-at="2022-07-07T23:49:26 IST" name="beforetest" finished-at="2022-07-07T23:49:32 IST" duration-ms="5588" status="PASS">
          <reporter-output>
          </reporter-output>
        </test-method> <!-- beforetest -->
        <test-method signature="MainExecution(java.lang.String,java.lang.String)[pri:0, instance:Testing.Main@62163b39]" started-at="2022-07-07T23:49:32 IST" name="MainExecution" data-provider="getData" finished-at="2022-07-07T23:49:34 IST" duration-ms="2345" status="PASS">
          <params>
            <param index="0">
              <value>
                <![CDATA[sanu]]>
              </value>
            </param>
            <param index="1">
              <value>
                <![CDATA[snigdhapadhi]]>
              </value>
            </param>
          </params>
          <reporter-output>
          </reporter-output>
        </test-method> <!-- MainExecution -->
        <test-method signature="MainExecution(java.lang.String,java.lang.String)[pri:0, instance:Testing.Main@62163b39]" started-at="2022-07-07T23:49:34 IST" name="MainExecution" data-provider="getData" finished-at="2022-07-07T23:49:36 IST" duration-ms="2302" status="PASS">
          <params>
            <param index="0">
              <value>
                <![CDATA[rahul]]>
              </value>
            </param>
            <param index="1">
              <value>
                <![CDATA[rahulshettyacademy]]>
              </value>
            </param>
          </params>
          <reporter-output>
          </reporter-output>
        </test-method> <!-- MainExecution -->
        <test-method signature="tsetingmethod()[pri:0, instance:Testing.Main@62163b39]" started-at="2022-07-07T23:49:36 IST" name="tsetingmethod" finished-at="2022-07-07T23:49:36 IST" duration-ms="1" status="PASS">
          <reporter-output>
          </reporter-output>
        </test-method> <!-- tsetingmethod -->
        <test-method is-config="true" signature="driverclose()[pri:0, instance:Testing.Main@62163b39]" started-at="2022-07-07T23:49:37 IST" name="driverclose" finished-at="2022-07-07T23:49:37 IST" duration-ms="215" status="PASS">
          <reporter-output>
          </reporter-output>
        </test-method> <!-- driverclose -->
      </class> <!-- Testing.Main -->
    </test> <!-- Login Page Main -->
    <test started-at="2022-07-07T23:49:37 IST" name="Forgot Password Main2" finished-at="2022-07-07T23:49:45 IST" duration-ms="7250">
      <class name="Testing.Main2">
        <test-method is-config="true" signature="beforetest()[pri:0, instance:Testing.Main2@60d1a32f]" started-at="2022-07-07T23:49:37 IST" name="beforetest" finished-at="2022-07-07T23:49:42 IST" duration-ms="4409" status="PASS">
          <reporter-output>
          </reporter-output>
        </test-method> <!-- beforetest -->
        <test-method signature="MainExecution(java.lang.String,java.lang.String,java.lang.String,java.lang.String,java.lang.String)[pri:0, instance:Testing.Main2@60d1a32f]" started-at="2022-07-07T23:49:42 IST" name="MainExecution" data-provider="getData" finished-at="2022-07-07T23:49:44 IST" duration-ms="2715" status="PASS">
          <params>
            <param index="0">
              <value>
                <![CDATA[sanu]]>
              </value>
            </param>
            <param index="1">
              <value>
                <![CDATA[snigdhapadhi]]>
              </value>
            </param>
            <param index="2">
              <value>
                <![CDATA[snigdha]]>
              </value>
            </param>
            <param index="3">
              <value>
                <![CDATA[abc@gmail.com]]>
              </value>
            </param>
            <param index="4">
              <value>
                <![CDATA[235678]]>
              </value>
            </param>
          </params>
          <reporter-output>
          </reporter-output>
        </test-method> <!-- MainExecution -->
        <test-method signature="tsetingmethod()[pri:0, instance:Testing.Main2@60d1a32f]" started-at="2022-07-07T23:49:44 IST" name="tsetingmethod" finished-at="2022-07-07T23:49:44 IST" duration-ms="1" status="PASS">
          <reporter-output>
          </reporter-output>
        </test-method> <!-- tsetingmethod -->
        <test-method is-config="true" signature="driverclose()[pri:0, instance:Testing.Main2@60d1a32f]" started-at="2022-07-07T23:49:44 IST" name="driverclose" finished-at="2022-07-07T23:49:45 IST" duration-ms="114" status="PASS">
          <reporter-output>
          </reporter-output>
        </test-method> <!-- driverclose -->
      </class> <!-- Testing.Main2 -->
    </test> <!-- Forgot Password Main2 -->
  </suite> <!-- Suite -->
</testng-results>
