<?xml version="1.0" encoding="UTF-8"?>
<testng-results ignored="0" total="3" passed="3" failed="0" skipped="0">
  <reporter-output>
  </reporter-output>
  <suite started-at="2022-07-07T21:00:36 IST" name="Default suite" finished-at="2022-07-07T21:00:49 IST" duration-ms="12297">
    <groups>
    </groups>
    <test started-at="2022-07-07T21:00:36 IST" name="Default test" finished-at="2022-07-07T21:00:49 IST" duration-ms="12297">
      <class name="Testing.Main">
        <test-method is-config="true" signature="beforetest()[pri:0, instance:Testing.Main@119f1f2a]" started-at="2022-07-07T21:00:36 IST" name="beforetest" finished-at="2022-07-07T21:00:43 IST" duration-ms="7167" status="PASS">
          <reporter-output>
          </reporter-output>
        </test-method> <!-- beforetest -->
        <test-method signature="MainExecution(java.lang.String,java.lang.String)[pri:0, instance:Testing.Main@119f1f2a]" started-at="2022-07-07T21:00:44 IST" name="MainExecution" data-provider="getData" finished-at="2022-07-07T21:00:46 IST" duration-ms="2490" status="PASS">
          <params>
            <param index="0">
              <value>
                <![CDATA[sanu]]>
              </value>
            </param>
            <param index="1">
              <value>
                <![CDATA[snigdhapadhi]]>
              </value>
            </param>
          </params>
          <reporter-output>
          </reporter-output>
        </test-method> <!-- MainExecution -->
        <test-method signature="MainExecution(java.lang.String,java.lang.String)[pri:0, instance:Testing.Main@119f1f2a]" started-at="2022-07-07T21:00:46 IST" name="MainExecution" data-provider="getData" finished-at="2022-07-07T21:00:48 IST" duration-ms="2395" status="PASS">
          <params>
            <param index="0">
              <value>
                <![CDATA[rahul]]>
              </value>
            </param>
            <param index="1">
              <value>
                <![CDATA[rahulshettyacademy]]>
              </value>
            </param>
          </params>
          <reporter-output>
          </reporter-output>
        </test-method> <!-- MainExecution -->
        <test-method signature="tsetingmethod()[pri:0, instance:Testing.Main@119f1f2a]" started-at="2022-07-07T21:00:48 IST" name="tsetingmethod" finished-at="2022-07-07T21:00:48 IST" duration-ms="2" status="PASS">
          <reporter-output>
          </reporter-output>
        </test-method> <!-- tsetingmethod -->
        <test-method is-config="true" signature="driverclose()[pri:0, instance:Testing.Main@119f1f2a]" started-at="2022-07-07T21:00:48 IST" name="driverclose" finished-at="2022-07-07T21:00:49 IST" duration-ms="192" status="PASS">
          <reporter-output>
          </reporter-output>
        </test-method> <!-- driverclose -->
      </class> <!-- Testing.Main -->
    </test> <!-- Default test -->
  </suite> <!-- Default suite -->
</testng-results>
